<?xml version="1.0" encoding="UTF-8"?>
<!-- Generated by org.testng.reporters.JUnitReportReporter -->
<testsuite skipped="12" hostname="DESKTOP-VM4G1KR" name="runner.HotelPageRunner" tests="13" failures="0" timestamp="21 Oct 2021 13:21:34 GMT" time="32.267" errors="0">
  <testcase name="FourStar" time="32.267" classname="runner.HotelPageRunner"/>
  <testcase name="EnterInvalidMobNoTest" classname="runner.HotelPageRunner">
    <skipped/>
  </testcase> <!-- EnterInvalidMobNoTest -->
  <testcase name="searchByEmptyCity" classname="runner.HotelPageRunner">
    <skipped/>
  </testcase> <!-- searchByEmptyCity -->
  <testcase name="searchWithTwoRoom" classname="runner.HotelPageRunner">
    <skipped/>
  </testcase> <!-- searchWithTwoRoom -->
  <testcase name="sortByPriceLH" classname="runner.HotelPageRunner">
    <skipped/>
  </testcase> <!-- sortByPriceLH -->
  <testcase name="uncheckTnCTest" classname="runner.HotelPageRunner">
    <skipped/>
  </testcase> <!-- uncheckTnCTest -->
  <testcase name="searchWithAllnchild" classname="runner.HotelPageRunner">
    <skipped/>
  </testcase> <!-- searchWithAllnchild -->
  <testcase name="searchWithAllData" classname="runner.HotelPageRunner">
    <skipped/>
  </testcase> <!-- searchWithAllData -->
  <testcase name="bookRoom" classname="runner.HotelPageRunner">
    <skipped/>
  </testcase> <!-- bookRoom -->
  <testcase name="EnterInvalidEmailTest" classname="runner.HotelPageRunner">
    <skipped/>
  </testcase> <!-- EnterInvalidEmailTest -->
  <testcase name="goToLinkTest" classname="runner.HotelPageRunner">
    <skipped/>
  </testcase> <!-- goToLinkTest -->
  <testcase name="NoGuestDetailsTest" classname="runner.HotelPageRunner">
    <skipped/>
  </testcase> <!-- NoGuestDetailsTest -->
  <testcase name="EnterValidGuestDetailTest" classname="runner.HotelPageRunner">
    <skipped/>
  </testcase> <!-- EnterValidGuestDetailTest -->
</testsuite> <!-- runner.HotelPageRunner -->
